<?xml version="1.0" encoding="UTF-8"?>
<testng-results ignored="0" total="2" passed="2" failed="0" skipped="0">
  <reporter-output>
  </reporter-output>
  <suite started-at="2024-08-12T17:57:17 IST" name="Suite" finished-at="2024-08-12T17:57:35 IST" duration-ms="17450">
    <groups>
    </groups>
    <test started-at="2024-08-12T17:57:17 IST" name="Test" finished-at="2024-08-12T17:57:35 IST" duration-ms="17450">
      <class name="com.Test.LoginandProductpagevalidationII">
        <test-method is-config="true" signature="launchApplication()[pri:0, instance:com.Test.LoginandProductpagevalidationII@c05fddc]" started-at="2024-08-12T17:57:18 IST" name="launchApplication" finished-at="2024-08-12T17:57:23 IST" duration-ms="5245" status="PASS">
          <reporter-output>
          </reporter-output>
        </test-method> <!-- launchApplication -->
        <test-method signature="submitorder(java.util.HashMap)[pri:0, instance:com.Test.LoginandProductpagevalidationII@c05fddc]" started-at="2024-08-12T17:57:23 IST" name="submitorder" data-provider="getData" finished-at="2024-08-12T17:57:27 IST" duration-ms="4231" status="PASS">
          <params>
            <param index="0">
              <value>
                <![CDATA[{passWord=Test@1234, prodName=IPHONE 13 PRO, UserName=krish@test.com}]]>
              </value>
            </param>
          </params>
          <reporter-output>
          </reporter-output>
        </test-method> <!-- submitorder -->
        <test-method is-config="true" signature="teardown()[pri:0, instance:com.Test.LoginandProductpagevalidationII@c05fddc]" started-at="2024-08-12T17:57:27 IST" name="teardown" finished-at="2024-08-12T17:57:27 IST" duration-ms="282" status="PASS">
          <reporter-output>
          </reporter-output>
        </test-method> <!-- teardown -->
        <test-method is-config="true" signature="launchApplication()[pri:0, instance:com.Test.LoginandProductpagevalidationII@c05fddc]" started-at="2024-08-12T17:57:27 IST" name="launchApplication" finished-at="2024-08-12T17:57:30 IST" duration-ms="3029" status="PASS">
          <reporter-output>
          </reporter-output>
        </test-method> <!-- launchApplication -->
        <test-method signature="submitorder(java.util.HashMap)[pri:0, instance:com.Test.LoginandProductpagevalidationII@c05fddc]" started-at="2024-08-12T17:57:30 IST" name="submitorder" data-provider="getData" finished-at="2024-08-12T17:57:34 IST" duration-ms="4158" status="PASS">
          <params>
            <param index="0">
              <value>
                <![CDATA[{passWord=Test@1234, prodName=ZARA COAT 3, UserName=krish@test.com}]]>
              </value>
            </param>
          </params>
          <reporter-output>
          </reporter-output>
        </test-method> <!-- submitorder -->
        <test-method is-config="true" signature="teardown()[pri:0, instance:com.Test.LoginandProductpagevalidationII@c05fddc]" started-at="2024-08-12T17:57:34 IST" name="teardown" finished-at="2024-08-12T17:57:35 IST" duration-ms="209" status="PASS">
          <reporter-output>
          </reporter-output>
        </test-method> <!-- teardown -->
      </class> <!-- com.Test.LoginandProductpagevalidationII -->
    </test> <!-- Test -->
  </suite> <!-- Suite -->
</testng-results>
