<?xml version="1.0" encoding="UTF-8"?>
<testng-results ignored="0" total="3" passed="3" failed="0" skipped="0">
  <reporter-output>
  </reporter-output>
  <suite started-at="2024-07-30T14:08:10 IST" name="Suite" finished-at="2024-07-30T14:08:18 IST" duration-ms="8312">
    <groups>
    </groups>
    <test started-at="2024-07-30T14:08:10 IST" name="Test" finished-at="2024-07-30T14:08:18 IST" duration-ms="8312">
      <class name="com.Test.LoginPage">
        <test-method signature="browserlaunch(java.lang.String,java.lang.String,java.lang.String)[pri:0, instance:com.Test.LoginPage@1dac5ef]" started-at="2024-07-30T14:08:10 IST" name="browserlaunch" data-provider="getData" finished-at="2024-07-30T14:08:17 IST" duration-ms="7612" status="PASS">
          <params>
            <param index="0">
              <value>
                <![CDATA[https://www.saucedemo.com/]]>
              </value>
            </param>
            <param index="1">
              <value>
                <![CDATA[standard_user]]>
              </value>
            </param>
            <param index="2">
              <value>
                <![CDATA[secret_sauce]]>
              </value>
            </param>
          </params>
          <reporter-output>
          </reporter-output>
        </test-method> <!-- browserlaunch -->
        <test-method signature="getlistofproducts()[pri:0, instance:com.Test.LoginPage@1dac5ef]" started-at="2024-07-30T14:08:17 IST" name="getlistofproducts" finished-at="2024-07-30T14:08:18 IST" duration-ms="569" status="PASS">
          <reporter-output>
          </reporter-output>
        </test-method> <!-- getlistofproducts -->
        <test-method signature="paramcheck(java.lang.String)[pri:0, instance:com.Test.LoginPage@1dac5ef]" started-at="2024-07-30T14:08:18 IST" name="paramcheck" finished-at="2024-07-30T14:08:18 IST" duration-ms="6" status="PASS">
          <params>
            <param index="0">
              <value>
                <![CDATA[Https://www.google.co.in]]>
              </value>
            </param>
          </params>
          <reporter-output>
          </reporter-output>
        </test-method> <!-- paramcheck -->
      </class> <!-- com.Test.LoginPage -->
    </test> <!-- Test -->
  </suite> <!-- Suite -->
</testng-results>
